<?xml version="1.0" encoding="UTF-8"?>
<testng-results ignored="0" total="1" passed="1" failed="0" skipped="0">
  <reporter-output>
  </reporter-output>
  <suite started-at="2022-01-27T10:11:24 IST" name="Default suite" finished-at="2022-01-27T10:12:42 IST" duration-ms="78045">
    <groups>
    </groups>
    <test started-at="2022-01-27T10:11:24 IST" name="Default test" finished-at="2022-01-27T10:12:42 IST" duration-ms="78045">
      <class name="seleniumMiniProject.Script_001">
        <test-method signature="create()[pri:0, instance:seleniumMiniProject.Script_001@65b3f4a4]" started-at="2022-01-27T10:11:24 IST" name="create" finished-at="2022-01-27T10:12:42 IST" duration-ms="77971" status="PASS">
          <reporter-output>
          </reporter-output>
        </test-method> <!-- create -->
      </class> <!-- seleniumMiniProject.Script_001 -->
    </test> <!-- Default test -->
  </suite> <!-- Default suite -->
</testng-results>
